c:\users\keith\source\repos\ascii rougelike\x64\release\ascii rougelike.ipdb
c:\users\keith\source\repos\ascii rougelike\x64\release\ascii rougelike.iobj
c:\users\keith\source\repos\ascii rougelike\ascii rougelike\x64\release\vc142.pdb
c:\users\keith\source\repos\ascii rougelike\ascii rougelike\x64\release\write.obj
c:\users\keith\source\repos\ascii rougelike\ascii rougelike\x64\release\weapon.obj
c:\users\keith\source\repos\ascii rougelike\ascii rougelike\x64\release\main.obj
c:\users\keith\source\repos\ascii rougelike\ascii rougelike\x64\release\environment.obj
c:\users\keith\source\repos\ascii rougelike\ascii rougelike\x64\release\entity.obj
c:\users\keith\source\repos\ascii rougelike\ascii rougelike\x64\release\duel.obj
c:\users\keith\source\repos\ascii rougelike\ascii rougelike\x64\release\creator.obj
c:\users\keith\source\repos\ascii rougelike\ascii rougelike\x64\release\character.obj
c:\users\keith\source\repos\ascii rougelike\x64\release\ascii rougelike.exe
c:\users\keith\source\repos\ascii rougelike\x64\release\ascii rougelike.pdb
c:\users\keith\source\repos\ascii rougelike\ascii rougelike\x64\release\ascii rougelike.tlog\ascii rougelike.write.1u.tlog
c:\users\keith\source\repos\ascii rougelike\ascii rougelike\x64\release\ascii rougelike.tlog\cl.command.1.tlog
c:\users\keith\source\repos\ascii rougelike\ascii rougelike\x64\release\ascii rougelike.tlog\cl.read.1.tlog
c:\users\keith\source\repos\ascii rougelike\ascii rougelike\x64\release\ascii rougelike.tlog\cl.write.1.tlog
c:\users\keith\source\repos\ascii rougelike\ascii rougelike\x64\release\ascii rougelike.tlog\link.command.1.tlog
c:\users\keith\source\repos\ascii rougelike\ascii rougelike\x64\release\ascii rougelike.tlog\link.read.1.tlog
c:\users\keith\source\repos\ascii rougelike\ascii rougelike\x64\release\ascii rougelike.tlog\link.write.1.tlog
