c:\users\keith\source\repos\ascii rougelike\ascii rougelike\x64\debug\vc142.pdb
c:\users\keith\source\repos\ascii rougelike\ascii rougelike\x64\debug\vc142.idb
c:\users\keith\source\repos\ascii rougelike\ascii rougelike\x64\debug\write.obj
c:\users\keith\source\repos\ascii rougelike\ascii rougelike\x64\debug\weapon.obj
c:\users\keith\source\repos\ascii rougelike\ascii rougelike\x64\debug\main.obj
c:\users\keith\source\repos\ascii rougelike\ascii rougelike\x64\debug\environment.obj
c:\users\keith\source\repos\ascii rougelike\ascii rougelike\x64\debug\entity.obj
c:\users\keith\source\repos\ascii rougelike\ascii rougelike\x64\debug\duel.obj
c:\users\keith\source\repos\ascii rougelike\ascii rougelike\x64\debug\creator.obj
c:\users\keith\source\repos\ascii rougelike\ascii rougelike\x64\debug\vc143.pdb
c:\users\keith\source\repos\ascii rougelike\ascii rougelike\x64\debug\sprite.obj
c:\users\keith\source\repos\ascii rougelike\ascii rougelike\x64\debug\maingame.obj
c:\users\keith\source\repos\ascii rougelike\ascii rougelike\x64\debug\glslprogram.obj
c:\users\keith\source\repos\ascii rougelike\ascii rougelike\x64\debug\errors.obj
c:\users\keith\source\repos\ascii rougelike\ascii rougelike\x64\debug\picopng.obj
c:\users\keith\source\repos\ascii rougelike\ascii rougelike\x64\debug\iomanager.obj
c:\users\keith\source\repos\ascii rougelike\ascii rougelike\x64\debug\imageloader.obj
c:\users\keith\source\repos\ascii rougelike\ascii rougelike\x64\debug\texturecache.obj
c:\users\keith\source\repos\ascii rougelike\ascii rougelike\x64\debug\resourcemanager.obj
c:\users\keith\source\repos\ascii rougelike\ascii rougelike\x64\debug\projectile.obj
c:\users\keith\source\repos\ascii rougelike\ascii rougelike\x64\debug\character.obj
c:\users\keith\source\repos\ascii rougelike\ascii rougelike\x64\debug\vc143.idb
c:\users\keith\source\repos\ascii rougelike\x64\debug\ascii rougelike.exe
c:\users\keith\source\repos\ascii rougelike\x64\debug\ascii rougelike.pdb
c:\users\keith\source\repos\ascii rougelike\ascii rougelike\x64\debug\ascii rougelike.ilk
c:\users\keith\source\repos\ascii rougelike\ascii rougelike\x64\debug\character.obj.enc
c:\users\keith\source\repos\ascii rougelike\ascii rougelike\x64\debug\duel.obj.enc
c:\users\keith\source\repos\ascii rougelike\ascii rougelike\x64\debug\weapon.obj.enc
c:\users\keith\source\repos\ascii rougelike\x64\debug\ascii rougelike.ilk
c:\users\keith\source\repos\ascii rougelike\ascii rougelike\x64\debug\ascii rougelike.tlog\cl.command.1.tlog
c:\users\keith\source\repos\ascii rougelike\ascii rougelike\x64\debug\ascii rougelike.tlog\cl.items.tlog
c:\users\keith\source\repos\ascii rougelike\ascii rougelike\x64\debug\ascii rougelike.tlog\cl.read.1.tlog
c:\users\keith\source\repos\ascii rougelike\ascii rougelike\x64\debug\ascii rougelike.tlog\cl.write.1.tlog
c:\users\keith\source\repos\ascii rougelike\ascii rougelike\x64\debug\ascii rougelike.tlog\link.command.1.tlog
c:\users\keith\source\repos\ascii rougelike\ascii rougelike\x64\debug\ascii rougelike.tlog\link.read.1.tlog
c:\users\keith\source\repos\ascii rougelike\ascii rougelike\x64\debug\ascii rougelike.tlog\link.secondary.1.tlog
c:\users\keith\source\repos\ascii rougelike\ascii rougelike\x64\debug\ascii rougelike.tlog\link.write.1.tlog
